Me se cayó el pograma - 2024-10-19 18:32:35
Error saving current state - 2024-10-19 18:34:50
Error saving cache. - 2024-10-19 19:23:53
Error saving cache. Cache directory does not exist:cache/ - 2024-10-21 11:12:03
Error saving cache. Cache directory does not exist:cache/ - 2024-10-21 11:12:44
Error saving cache. Cache directory does not exist:cache/ - 2024-10-21 11:12:52
Error saving cache. Cache directory does not exist:cache/ - 2024-10-21 11:17:25
Error saving cache. Cache directory does not exist:cache/ - 2024-10-21 11:18:06
Error saving cache. Cache directory does not exist:cache/ - 2024-10-21 11:18:29
Error saving cache. Cache directory does not exist:cache/ - 2024-10-21 11:19:11
Error saving cache. Cache directory does not exist:cache/ - 2024-11-01 13:54:50
Error saving cache. Cache directory does not exist:cache/ - 2024-11-01 13:54:50
Error saving cache. Cache directory does not exist:cache/ - 2024-11-01 14:33:54
Error saving cache. Cache directory does not exist:cache/ - 2024-11-01 15:02:00
Error saving cache. Cache directory does not exist:cache/ - 2024-11-01 15:02:00
Error saving cache. Cache directory does not exist:cache/ - 2024-11-01 19:46:58
Error saving cache. Cache directory does not exist:cache/ - 2024-11-01 19:46:59
Error saving cache. Cache directory does not exist:cache/ - 2024-11-01 19:47:23
Error saving cache. Cache directory does not exist:cache/ - 2024-11-01 19:47:23
Error saving cache. Cache directory does not exist:cache/ - 2024-11-01 19:47:33
Error saving cache. Cache directory does not exist:cache/ - 2024-11-01 19:47:33
Error saving cache. Cache directory does not exist:cache/ - 2024-11-01 19:51:21
Error saving cache. Cache directory does not exist:cache/ - 2024-11-01 19:51:21
Error saving cache. Cache directory does not exist:cache/ - 2024-11-01 19:51:40
Error saving cache. Cache directory does not exist:cache/ - 2024-11-01 19:51:40
Error saving cache. Cache directory does not exist:cache/ - 2024-11-02 01:11:00
Error saving cache. Cache directory does not exist:cache/ - 2024-11-02 01:11:00
Error saving cache. Cache directory does not exist:cache/ - 2024-11-02 09:32:03
Error saving cache. Cache directory does not exist:cache/ - 2024-11-02 09:32:03
Error loading last state - 2024-11-02 09:35:11
Error saving cache. Cache directory does not exist:cache/ - 2024-11-02 09:40:29
Error saving cache. Cache directory does not exist:cache/ - 2024-11-02 09:40:29
Error saving cache. Cache directory does not exist:cache/ - 2024-11-02 09:40:43
Error saving cache. Cache directory does not exist:cache/ - 2024-11-02 09:40:44
Error saving cache. Cache directory does not exist:cache/ - 2024-11-02 09:41:06
Error saving cache. Cache directory does not exist:cache/ - 2024-11-02 09:41:06
Error loading last state - 2024-11-02 09:45:34

Error saving pokemon GIF in cache. - 2024-11-02 10:04:52